<?xml version="1.0" encoding="UTF-8"?>
<!-- Generated by org.testng.reporters.JUnitXMLReporter -->
<testsuite hostname="DESKTOP-VLI5FT5" ignored="0" name="Default test" tests="4" failures="0" timestamp="2020-11-08T20:13:30 IST" time="25.018" errors="0">
  <testcase name="Test1" time="0.453" classname="TestSuite.NewTest"/>
  <testcase name="Test2" time="2.685" classname="TestSuite.NewTest"/>
  <testcase name="Test3" time="1.921" classname="TestSuite.NewTest"/>
  <testcase name="Test4" time="0.121" classname="TestSuite.NewTest"/>
</testsuite> <!-- Default test -->
